<?xml version="1.0" encoding="UTF-8"?>
<testsuite xmlns:xsi="http://www.w3.org/2001/XMLSchema-instance" xsi:noNamespaceSchemaLocation="https://maven.apache.org/surefire/maven-surefire-plugin/xsd/surefire-test-report-3.0.xsd" version="3.0" name="com.mycompany.student.StudentAnalyzerTest" time="0.117" tests="10" errors="0" skipped="0" failures="0">
  <properties>
[...]
</properties>
  <testcase name="testCalculateValidAverage_AllInvalid" classname="com.mycompany.student.StudentAnalyzerTest" time="0.053"/>
  <testcase name="testCalculateValidAverage_WithNullAndInvalidValues" classname="com.mycompany.student.StudentAnalyzerTest" time="0.001"/>
  <testcase name="testCountExcellentStudents_OutOfRangeScores" classname="com.mycompany.student.StudentAnalyzerTest" time="0.003"/>
  <testcase name="testCountExcellentStudents_NullList" classname="com.mycompany.student.StudentAnalyzerTest" time="0.001"/>
  <testcase name="testCalculateValidAverage_EmptyList" classname="com.mycompany.student.StudentAnalyzerTest" time="0.001"/>
  <testcase name="testCalculateValidAverage_NullList" classname="com.mycompany.student.StudentAnalyzerTest" time="0.001"/>
  <testcase name="testCalculateValidAverage_Normal" classname="com.mycompany.student.StudentAnalyzerTest" time="0.001"/>
  <testcase name="testCountExcellentStudents_Normal" classname="com.mycompany.student.StudentAnalyzerTest" time="0.002"/>
  <testcase name="testCountExcellentStudents_EmptyList" classname="com.mycompany.student.StudentAnalyzerTest" time="0.001"/>
  <testcase name="testCountExcellentStudents_WithNullValues" classname="com.mycompany.student.StudentAnalyzerTest" time="0.001"/>
</testsuite>